<?xml version="1.0" encoding="UTF-8"?>
<!-- Generated by org.testng.reporters.JUnitXMLReporter -->
<testsuite ignored="0" hostname="lin80032759" failures="0" tests="6" name="Default test" time="54.987" errors="0" timestamp="2021-12-24T00:12:28 IST">
  <testcase classname="shopping.PurchaseProduct" name="getUrl" time="0.008"/>
  <testcase classname="shopping.PurchaseProduct" name="setUpWebDriver" time="2.356"/>
  <testcase classname="shopping.PurchaseProduct" name="LaunchLogin" time="3.594"/>
  <testcase classname="shopping.PurchaseProduct" name="searchForItem" time="37.999"/>
  <testcase classname="shopping.PurchaseProduct" name="verifyCart" time="10.746"/>
  <testcase classname="shopping.PurchaseProduct" name="click" time="0.248"/>
</testsuite> <!-- Default test -->
